<?xml version="1.0" encoding="UTF-8"?>
<robot generated="20160702 19:15:17.389" generator="Robot 3.0 (Python 2.7.11 on win32)">
<suite source="C:\Users\jose\Documents\techlab\robot\RobotFrameWorkProtoType\login_tests\gherkin_login.robot" id="s1" name="Gherkin Login">
<test id="s1-t1" name="Valid Login">
<kw name="A valid user logs in" library="resource">
<kw name="Open Browser" library="Selenium2Library">
<doc>Opens a new browser instance to given URL.</doc>
<arguments>
<arg>&amp;{RESOURCE}[signin]</arg>
<arg>${BROWSER}</arg>
</arguments>
<msg timestamp="20160702 19:15:18.727" level="INFO">Opening browser 'Chrome' to base url 'https://stg.angloinfo.com/member/signin'</msg>
<status status="PASS" endtime="20160702 19:15:46.080" starttime="20160702 19:15:18.726"></status>
</kw>
<kw name="Maximize Browser Window" library="Selenium2Library">
<doc>Maximizes current browser window.</doc>
<status status="PASS" endtime="20160702 19:15:46.303" starttime="20160702 19:15:46.081"></status>
</kw>
<kw name="Set Selenium Speed" library="Selenium2Library">
<doc>Sets the delay in seconds that is waited after each Selenium command.</doc>
<arguments>
<arg>${DELAY}</arg>
</arguments>
<status status="PASS" endtime="20160702 19:15:46.304" starttime="20160702 19:15:46.303"></status>
</kw>
<kw name="Title Should Be" library="Selenium2Library">
<doc>Verifies that current page title equals `title`.</doc>
<arguments>
<arg>Login</arg>
</arguments>
<msg timestamp="20160702 19:15:46.361" level="INFO">Page title is 'Login'.</msg>
<status status="PASS" endtime="20160702 19:15:46.362" starttime="20160702 19:15:46.306"></status>
</kw>
<kw name="Input Text" library="Selenium2Library">
<doc>Types the given `text` into text field identified by `locator`.</doc>
<arguments>
<arg>formEmail</arg>
<arg>&amp;{VALIDUSER}[username]</arg>
</arguments>
<msg timestamp="20160702 19:15:46.366" level="INFO">Typing text 'ainfo1001+stg101@gmail.com' into text field 'formEmail'</msg>
<status status="PASS" endtime="20160702 19:15:47.098" starttime="20160702 19:15:46.363"></status>
</kw>
<kw name="Input Text" library="Selenium2Library">
<doc>Types the given `text` into text field identified by `locator`.</doc>
<arguments>
<arg>formPassword</arg>
<arg>&amp;{VALIDUSER}[password]</arg>
</arguments>
<msg timestamp="20160702 19:15:47.100" level="INFO">Typing text 'Anglo123' into text field 'formPassword'</msg>
<status status="PASS" endtime="20160702 19:15:47.319" starttime="20160702 19:15:47.099"></status>
</kw>
<kw name="Click Button" library="Selenium2Library">
<doc>Clicks a button identified by `locator`.</doc>
<arguments>
<arg>xpath=//*[@id="form-signin"]/button</arg>
</arguments>
<msg timestamp="20160702 19:15:47.320" level="INFO">Clicking button 'xpath=//*[@id="form-signin"]/button'.</msg>
<status status="PASS" endtime="20160702 19:15:47.582" starttime="20160702 19:15:47.319"></status>
</kw>
<kw name="Wait Until Page Contains Element" library="Selenium2Library">
<doc>Waits until element specified with `locator` appears on current page.</doc>
<arguments>
<arg>xpath=${display_name_location}</arg>
<arg>20</arg>
</arguments>
<kw name="Capture Page Screenshot" library="Selenium2Library">
<doc>Takes a screenshot of the current page and embeds it into the log.</doc>
<msg timestamp="20160702 19:16:13.164" html="yes" level="INFO">&lt;/td&gt;&lt;/tr&gt;&lt;tr&gt;&lt;td colspan="3"&gt;&lt;a href="selenium-screenshot-1.png"&gt;&lt;img src="selenium-screenshot-1.png" width="800px"&gt;&lt;/a&gt;</msg>
<status status="PASS" endtime="20160702 19:16:13.164" starttime="20160702 19:16:12.300"></status>
</kw>
<msg timestamp="20160702 19:16:13.184" level="FAIL">Element 'xpath=//*[@id="profile-img-container"]/h1/span[1]' did not appear in 20 seconds</msg>
<status status="FAIL" endtime="20160702 19:16:13.184" starttime="20160702 19:15:47.583"></status>
</kw>
<status status="FAIL" endtime="20160702 19:16:13.184" starttime="20160702 19:15:18.724"></status>
</kw>
<kw type="teardown" name="Close Browser" library="Selenium2Library">
<doc>Closes the current browser.</doc>
<status status="PASS" endtime="20160702 19:16:16.351" starttime="20160702 19:16:13.185"></status>
</kw>
<status status="FAIL" endtime="20160702 19:16:16.352" critical="yes" starttime="20160702 19:15:18.720">Element 'xpath=//*[@id="profile-img-container"]/h1/span[1]' did not appear in 20 seconds</status>
</test>
<test id="s1-t2" name="Forgot password email test">
<kw name="Given a user is in the &quot;reset&quot; page" library="resource">
<kw name="Open Browser" library="Selenium2Library">
<doc>Opens a new browser instance to given URL.</doc>
<arguments>
<arg>&amp;{RESOURCE}[${pagename}]</arg>
<arg>${BROWSER}</arg>
</arguments>
<msg timestamp="20160702 19:16:16.393" level="INFO">Opening browser 'Chrome' to base url 'https://stg.angloinfo.com/member/reset'</msg>
<status status="PASS" endtime="20160702 19:16:34.649" starttime="20160702 19:16:16.391"></status>
</kw>
<kw name="Maximize Browser Window" library="Selenium2Library">
<doc>Maximizes current browser window.</doc>
<status status="PASS" endtime="20160702 19:16:34.829" starttime="20160702 19:16:34.649"></status>
</kw>
<kw name="Set Selenium Speed" library="Selenium2Library">
<doc>Sets the delay in seconds that is waited after each Selenium command.</doc>
<arguments>
<arg>${DELAY}</arg>
</arguments>
<status status="PASS" endtime="20160702 19:16:34.833" starttime="20160702 19:16:34.830"></status>
</kw>
<status status="PASS" endtime="20160702 19:16:34.834" starttime="20160702 19:16:16.389"></status>
</kw>
<kw name="When a valid credential is reset" library="resource">
<kw name="Input Text" library="Selenium2Library">
<doc>Types the given `text` into text field identified by `locator`.</doc>
<arguments>
<arg>formEmail</arg>
<arg>&amp;{VALIDUSER2}[username]</arg>
</arguments>
<msg timestamp="20160702 19:16:34.849" level="INFO">Typing text 'ainfo1001+stg102@gmail.com' into text field 'formEmail'</msg>
<status status="PASS" endtime="20160702 19:16:35.098" starttime="20160702 19:16:34.846"></status>
</kw>
<kw name="Click Button" library="Selenium2Library">
<doc>Clicks a button identified by `locator`.</doc>
<arguments>
<arg>xpath=${send_reset_link_xpath}</arg>
</arguments>
<msg timestamp="20160702 19:16:35.099" level="INFO">Clicking button 'xpath=//*[@id="reset-form"]/form/button'.</msg>
<status status="PASS" endtime="20160702 19:16:35.253" starttime="20160702 19:16:35.098"></status>
</kw>
<kw name="Wait Until Element Is Visible" library="Selenium2Library">
<doc>Waits until element specified with `locator` is visible.</doc>
<arguments>
<arg>xpath=${reset_link_sent_confirmation_box_xpath}</arg>
<arg>20</arg>
</arguments>
<kw name="Capture Page Screenshot" library="Selenium2Library">
<doc>Takes a screenshot of the current page and embeds it into the log.</doc>
<msg timestamp="20160702 19:16:39.181" html="yes" level="INFO">&lt;/td&gt;&lt;/tr&gt;&lt;tr&gt;&lt;td colspan="3"&gt;&lt;a href="selenium-screenshot-2.png"&gt;&lt;img src="selenium-screenshot-2.png" width="800px"&gt;&lt;/a&gt;</msg>
<status status="PASS" endtime="20160702 19:16:39.181" starttime="20160702 19:16:38.704"></status>
</kw>
<msg timestamp="20160702 19:16:39.464" level="FAIL">InvalidSelectorException: Message: invalid selector: Unable to locate an element with the xpath expression //*[@id="reset"]/div/div[1]/p because of the following error:
TypeError: Failed to execute 'createNSResolver' on 'Document': parameter 1 is not of type 'Node'.
  (Session info: chrome=51.0.2704.103)
  (Driver info: chromedriver=2.9.248315,platform=Windows NT 6.3 x86_64)
</msg>
<status status="FAIL" endtime="20160702 19:16:39.464" starttime="20160702 19:16:35.254"></status>
</kw>
<status status="FAIL" endtime="20160702 19:16:39.465" starttime="20160702 19:16:34.844"></status>
</kw>
<kw type="teardown" name="Close Browser" library="Selenium2Library">
<doc>Closes the current browser.</doc>
<status status="PASS" endtime="20160702 19:16:42.553" starttime="20160702 19:16:39.467"></status>
</kw>
<status status="FAIL" endtime="20160702 19:16:42.554" critical="yes" starttime="20160702 19:16:16.378">InvalidSelectorException: Message: invalid selector: Unable to locate an element with the xpath expression //*[@id="reset"]/div/div[1]/p because of the following error:
TypeError: Failed to execute 'createNSResolver' on 'Document': parameter 1 is not of type 'Node'.
  (Session info: chrome=51.0.2704.103)
  (Driver info: chromedriver=2.9.248315,platform=Windows NT 6.3 x86_64)
</status>
</test>
<doc>A test suite with Gherkin style tests.
This test is functionally identical to the example in
valid_login.robot file.</doc>
<status status="FAIL" endtime="20160702 19:16:42.612" starttime="20160702 19:15:17.393"></status>
</suite>
<statistics>
<total>
<stat fail="2" pass="0">Critical Tests</stat>
<stat fail="2" pass="0">All Tests</stat>
</total>
<tag>
</tag>
<suite>
<stat fail="2" id="s1" name="Gherkin Login" pass="0">Gherkin Login</stat>
</suite>
</statistics>
<errors>
</errors>
</robot>
